/usr/local/openjdk-11/bin/java  -classpath /usr/src/ycsb-0.17.0/conf:/usr/src/ycsb-0.17.0/lib/HdrHistogram-2.1.4.jar:/usr/src/ycsb-0.17.0/lib/core-0.17.0.jar:/usr/src/ycsb-0.17.0/lib/htrace-core4-4.1.0-incubating.jar:/usr/src/ycsb-0.17.0/lib/jackson-core-asl-1.9.4.jar:/usr/src/ycsb-0.17.0/lib/jackson-mapper-asl-1.9.4.jar:/usr/src/ycsb-0.17.0/mongodb-binding/lib/logback-classic-1.1.2.jar:/usr/src/ycsb-0.17.0/mongodb-binding/lib/logback-core-1.1.2.jar:/usr/src/ycsb-0.17.0/mongodb-binding/lib/mongo-java-driver-3.8.0.jar:/usr/src/ycsb-0.17.0/mongodb-binding/lib/mongodb-async-driver-2.0.1.jar:/usr/src/ycsb-0.17.0/mongodb-binding/lib/mongodb-binding-0.17.0.jar:/usr/src/ycsb-0.17.0/mongodb-binding/lib/slf4j-api-1.7.25.jar:/usr/src/ycsb-0.17.0/mongodb-binding/lib/snappy-java-1.1.7.1.jar site.ycsb.Client -t -db site.ycsb.db.MongoDbClient -s -P workloads/workloadr -p mongodb.url=mongodb://root:mongodb123@my-mongodb-sharded:27017/ycsb?authSource=admin&readPreference=nearest -threads 10 -target 3000
Command line: -t -db site.ycsb.db.MongoDbClient -s -P workloads/workloadr -p mongodb.url=mongodb://root:mongodb123@my-mongodb-sharded:27017/ycsb?authSource=admin&readPreference=nearest -threads 10 -target 3000
YCSB Client 0.17.0

Loading workload...
Starting test.
2025-09-28 06:41:06:710 0 sec: 0 operations; est completion in 0 second 
mongo client connection created with mongodb://root:mongodb123@my-mongodb-sharded:27017/ycsb?authSource=admin&readPreference=nearest
DBWrapper: report latency for each error is false and specific error codes to track for latency are: []
DBWrapper: report latency for each error is false and specific error codes to track for latency are: []
DBWrapper: report latency for each error is false and specific error codes to track for latency are: []
DBWrapper: report latency for each error is false and specific error codes to track for latency are: []
DBWrapper: report latency for each error is false and specific error codes to track for latency are: []
DBWrapper: report latency for each error is false and specific error codes to track for latency are: []
DBWrapper: report latency for each error is false and specific error codes to track for latency are: []
DBWrapper: report latency for each error is false and specific error codes to track for latency are: []
DBWrapper: report latency for each error is false and specific error codes to track for latency are: []
DBWrapper: report latency for each error is false and specific error codes to track for latency are: []
2025-09-28 06:41:16:618 10 sec: 8880 operations; 888 current ops/sec; est completion in 37 minutes [READ: Count=8880, Max=1017343, Min=906, Avg=9977.39, 90=15959, 99=57567, 99.9=1004543, 99.99=1015295] 
2025-09-28 06:41:26:619 20 sec: 21493 operations; 1261.3 current ops/sec; est completion in 30 minutes [READ: Count=12613, Max=152191, Min=832, Avg=7896.88, 90=14103, 99=58303, 99.9=74367, 99.99=151551] 
#OUTLIER 2025-09-28 06:41:36:618 30 sec: 22726 operations; 123.3 current ops/sec; est completion in 43 minutes [READ: Count=1233, Max=82367, Min=855, Avg=9763.47, 90=20271, 99=73663, 99.9=81407, 99.99=82367] 
#OUTLIER 2025-09-28 06:41:46:618 40 sec: 28317 operations; 559.1 current ops/sec; est completion in 46 minutes [READ: Count=5591, Max=14606335, Min=890, Avg=33617.62, 90=10815, 99=62943, 99.9=14589951, 99.99=14606335] 
2025-09-28 06:41:56:618 50 sec: 40781 operations; 1246.4 current ops/sec; est completion in 40 minutes [READ: Count=12464, Max=78399, Min=815, Avg=8009.53, 90=14615, 99=68479, 99.9=73663, 99.99=76415] 
2025-09-28 06:42:06:618 60 sec: 51426 operations; 1064.5 current ops/sec; est completion in 37 minutes [READ: Count=10645, Max=79167, Min=799, Avg=9383.83, 90=17023, 99=71743, 99.9=75583, 99.99=78847] 
2025-09-28 06:42:16:618 70 sec: 63676 operations; 1225 current ops/sec; est completion in 35 minutes [READ: Count=12250, Max=83327, Min=795, Avg=8160.86, 90=14719, 99=69823, 99.9=75839, 99.99=82943] 
2025-09-28 06:42:26:618 80 sec: 76075 operations; 1239.9 current ops/sec; est completion in 33 minutes [READ: Count=12399, Max=76543, Min=769, Avg=8052.33, 90=14759, 99=68031, 99.9=71871, 99.99=74303] 
2025-09-28 06:42:36:618 90 sec: 86750 operations; 1067.5 current ops/sec; est completion in 33 minutes [READ: Count=10675, Max=84095, Min=770, Avg=9364.8, 90=16543, 99=64991, 99.9=75519, 99.99=79807] 
2025-09-28 06:42:46:618 100 sec: 98930 operations; 1218 current ops/sec; est completion in 32 minutes [READ: Count=12180, Max=76927, Min=777, Avg=8211.28, 90=14911, 99=67903, 99.9=72319, 99.99=75647] 
2025-09-28 06:42:56:618 110 sec: 111430 operations; 1250 current ops/sec; est completion in 31 minutes [READ: Count=12500, Max=75519, Min=811, Avg=7991.92, 90=14727, 99=69055, 99.9=73791, 99.99=75263] 
2025-09-28 06:43:06:618 120 sec: 122029 operations; 1059.9 current ops/sec; est completion in 30 minutes [READ: Count=10599, Max=81151, Min=809, Avg=9428.53, 90=17055, 99=71999, 99.9=76799, 99.99=79103] 
2025-09-28 06:43:16:618 130 sec: 134159 operations; 1213 current ops/sec; est completion in 30 minutes [READ: Count=12130, Max=80255, Min=805, Avg=8245.4, 90=14799, 99=69823, 99.9=74879, 99.99=77567] 
2025-09-28 06:43:26:618 140 sec: 146779 operations; 1262 current ops/sec; est completion in 29 minutes [READ: Count=12620, Max=80383, Min=808, Avg=7914.73, 90=14647, 99=67327, 99.9=72319, 99.99=76927] 
2025-09-28 06:43:36:618 150 sec: 157228 operations; 1044.9 current ops/sec; est completion in 29 minutes [READ: Count=10449, Max=79231, Min=812, Avg=9566.98, 90=17967, 99=71935, 99.9=76223, 99.99=78271] 
2025-09-28 06:43:46:618 160 sec: 169457 operations; 1222.9 current ops/sec; est completion in 28 minutes [READ: Count=12229, Max=79999, Min=779, Avg=8177.43, 90=14783, 99=69503, 99.9=74879, 99.99=79935] 
2025-09-28 06:43:56:618 170 sec: 181931 operations; 1247.4 current ops/sec; est completion in 28 minutes [READ: Count=12474, Max=76351, Min=763, Avg=8009.75, 90=14975, 99=67391, 99.9=71871, 99.99=74815] 
2025-09-28 06:44:06:618 180 sec: 192575 operations; 1064.4 current ops/sec; est completion in 28 minutes [READ: Count=10644, Max=87295, Min=811, Avg=9389.41, 90=17055, 99=71871, 99.9=76735, 99.99=79167] 
2025-09-28 06:44:16:618 190 sec: 204774 operations; 1219.9 current ops/sec; est completion in 27 minutes [READ: Count=12199, Max=84799, Min=797, Avg=8194.81, 90=14815, 99=69631, 99.9=73663, 99.99=83391] 
2025-09-28 06:44:26:618 200 sec: 217317 operations; 1254.3 current ops/sec; est completion in 27 minutes [READ: Count=12543, Max=78847, Min=788, Avg=7967.2, 90=14423, 99=68415, 99.9=73279, 99.99=78207] 
2025-09-28 06:44:36:618 210 sec: 227240 operations; 992.3 current ops/sec; est completion in 27 minutes [READ: Count=9923, Max=87999, Min=789, Avg=10081.82, 90=44255, 99=73279, 99.9=79039, 99.99=83327] 
2025-09-28 06:44:46:618 220 sec: 240191 operations; 1295.1 current ops/sec; est completion in 26 minutes [READ: Count=12951, Max=77695, Min=848, Avg=7710.21, 90=13967, 99=65599, 99.9=71295, 99.99=75903] 
2025-09-28 06:44:56:618 230 sec: 252690 operations; 1249.9 current ops/sec; est completion in 26 minutes [READ: Count=12499, Max=89343, Min=788, Avg=7990.15, 90=14551, 99=67775, 99.9=72063, 99.99=76351] 
2025-09-28 06:45:06:618 240 sec: 262665 operations; 997.5 current ops/sec; est completion in 26 minutes [READ: Count=9975, Max=87487, Min=787, Avg=10022.68, 90=37439, 99=65983, 99.9=81087, 99.99=87295] 
2025-09-28 06:45:16:619 250 sec: 279890 operations; 1722.5 current ops/sec; est completion in 25 minutes [READ: Count=17225, Max=89087, Min=743, Avg=5823.25, 90=9279, 99=62655, 99.9=75647, 99.99=83327] 
2025-09-28 06:45:26:618 260 sec: 297557 operations; 1766.7 current ops/sec; est completion in 24 minutes [READ: Count=17667, Max=71999, Min=774, Avg=5631.73, 90=10671, 99=41631, 99.9=61823, 99.99=69119] 
2025-09-28 06:45:36:621 270 sec: 311452 operations; 1389.22 current ops/sec; est completion in 24 minutes [READ: Count=13913, Max=78719, Min=753, Avg=7217.89, 90=19631, 99=56543, 99.9=71359, 99.99=76607] 
2025-09-28 06:45:46:619 280 sec: 329213 operations; 1776.46 current ops/sec; est completion in 23 minutes [READ: Count=17764, Max=70975, Min=787, Avg=5617.49, 90=13959, 99=39679, 99.9=47775, 99.99=54687] 
2025-09-28 06:45:56:618 290 sec: 348598 operations; 1938.5 current ops/sec; est completion in 22 minutes [READ: Count=19364, Max=72639, Min=767, Avg=5128.66, 90=9215, 99=34367, 99.9=61311, 99.99=70079] 
2025-09-28 06:46:06:620 300 sec: 362629 operations; 1402.96 current ops/sec; est completion in 22 minutes [READ: Count=14035, Max=97087, Min=793, Avg=7149.27, 90=16495, 99=59103, 99.9=71935, 99.99=86591] 
2025-09-28 06:46:16:618 310 sec: 380589 operations; 1796.18 current ops/sec; est completion in 22 minutes [READ: Count=17975, Max=73215, Min=772, Avg=5557.05, 90=11239, 99=41407, 99.9=50239, 99.99=54495] 
2025-09-28 06:46:26:618 320 sec: 399524 operations; 1893.5 current ops/sec; est completion in 21 minutes [READ: Count=18916, Max=73023, Min=757, Avg=5249.64, 90=9687, 99=34431, 99.9=61983, 99.99=67519] 
2025-09-28 06:46:36:622 330 sec: 413796 operations; 1427.06 current ops/sec; est completion in 21 minutes [READ: Count=14273, Max=78591, Min=759, Avg=7032.9, 90=15423, 99=60191, 99.9=69759, 99.99=76671] 
2025-09-28 06:46:46:622 340 sec: 431579 operations; 1778.3 current ops/sec; est completion in 20 minutes [READ: Count=17785, Max=60543, Min=738, Avg=5614.04, 90=11639, 99=43135, 99.9=52959, 99.99=58655] 
2025-09-28 06:46:56:618 350 sec: 450903 operations; 1932.59 current ops/sec; est completion in 20 minutes [READ: Count=19321, Max=74687, Min=776, Avg=5141.98, 90=9319, 99=34719, 99.9=66687, 99.99=73663] 
2025-09-28 06:47:06:626 360 sec: 464864 operations; 1395.96 current ops/sec; est completion in 19 minutes [READ: Count=13963, Max=80319, Min=777, Avg=7190.52, 90=11807, 99=65023, 99.9=73343, 99.99=79871] 
2025-09-28 06:47:16:624 370 sec: 483018 operations; 1815.58 current ops/sec; est completion in 19 minutes [READ: Count=18171, Max=64991, Min=726, Avg=5495.97, 90=9527, 99=48255, 99.9=55807, 99.99=60415] 
2025-09-28 06:47:26:618 380 sec: 502514 operations; 1949.6 current ops/sec; est completion in 18 minutes [READ: Count=19477, Max=81919, Min=753, Avg=5100.74, 90=8551, 99=33535, 99.9=67135, 99.99=72639] 
2025-09-28 06:47:36:619 390 sec: 516699 operations; 1418.5 current ops/sec; est completion in 18 minutes [READ: Count=14186, Max=86335, Min=805, Avg=7058.16, 90=11727, 99=65279, 99.9=74623, 99.99=79039] 
2025-09-28 06:47:46:618 400 sec: 534571 operations; 1787.2 current ops/sec; est completion in 18 minutes [READ: Count=17872, Max=61503, Min=764, Avg=5593.25, 90=8591, 99=48383, 99.9=57279, 99.99=61183] 
2025-09-28 06:47:56:618 410 sec: 554144 operations; 1957.3 current ops/sec; est completion in 17 minutes [READ: Count=19572, Max=71871, Min=773, Avg=5080.76, 90=8075, 99=37535, 99.9=64575, 99.99=68671] 
2025-09-28 06:48:06:623 420 sec: 568402 operations; 1425.09 current ops/sec; est completion in 17 minutes [READ: Count=14276, Max=72703, Min=784, Avg=7036.79, 90=15031, 99=60159, 99.9=66815, 99.99=70399] 
2025-09-28 06:48:16:620 430 sec: 586432 operations; 1803.9 current ops/sec; est completion in 17 minutes [READ: Count=18025, Max=59263, Min=772, Avg=5535.4, 90=9927, 99=44799, 99.9=51327, 99.99=58783] 
2025-09-28 06:48:26:618 440 sec: 605326 operations; 1889.4 current ops/sec; est completion in 16 minutes [READ: Count=18881, Max=76479, Min=809, Avg=5263.27, 90=8735, 99=38303, 99.9=59295, 99.99=69055] 
2025-09-28 06:48:36:619 450 sec: 619579 operations; 1425.16 current ops/sec; est completion in 16 minutes [READ: Count=14254, Max=97599, Min=762, Avg=7019.31, 90=13711, 99=58559, 99.9=66751, 99.99=76799] 
2025-09-28 06:48:46:619 460 sec: 636115 operations; 1653.6 current ops/sec; est completion in 16 minutes [READ: Count=16539, Max=67839, Min=797, Avg=6053.52, 90=11471, 99=47391, 99.9=55711, 99.99=66815] 
2025-09-28 06:48:56:618 470 sec: 659065 operations; 2295.23 current ops/sec; est completion in 15 minutes [READ: Count=22946, Max=67583, Min=785, Avg=4332.35, 90=6847, 99=24751, 99.9=58655, 99.99=63295] 
2025-09-28 06:49:06:621 480 sec: 677246 operations; 1817.55 current ops/sec; est completion in 15 minutes [READ: Count=18182, Max=90431, Min=806, Avg=5514.98, 90=8247, 99=54495, 99.9=66047, 99.99=75967] 
2025-09-28 06:49:16:618 490 sec: 696671 operations; 1943.08 current ops/sec; est completion in 15 minutes [READ: Count=19428, Max=92543, Min=761, Avg=5140.7, 90=6403, 99=59711, 99.9=69695, 99.99=79359] 
2025-09-28 06:49:26:618 500 sec: 722841 operations; 2617 current ops/sec; est completion in 14 minutes [READ: Count=26166, Max=64671, Min=804, Avg=3797.66, 90=5819, 99=21087, 99.9=58847, 99.99=63167] 
2025-09-28 06:49:36:620 510 sec: 742188 operations; 1934.31 current ops/sec; est completion in 14 minutes [READ: Count=19361, Max=78335, Min=783, Avg=5183.58, 90=7539, 99=55455, 99.9=64735, 99.99=74431] 
2025-09-28 06:49:46:620 520 sec: 760966 operations; 1878.18 current ops/sec; est completion in 14 minutes [READ: Count=18767, Max=79615, Min=782, Avg=5317.25, 90=6575, 99=61919, 99.9=70719, 99.99=77311] 
2025-09-28 06:49:56:618 530 sec: 787233 operations; 2626.7 current ops/sec; est completion in 13 minutes [READ: Count=26264, Max=71167, Min=773, Avg=3786.16, 90=5759, 99=22031, 99.9=56735, 99.99=65279] 
2025-09-28 06:50:06:620 540 sec: 805960 operations; 1872.33 current ops/sec; est completion in 13 minutes [READ: Count=18730, Max=88447, Min=788, Avg=5352.45, 90=8303, 99=53823, 99.9=65023, 99.99=76095] 
2025-09-28 06:50:16:619 550 sec: 825209 operations; 1925.29 current ops/sec; est completion in 13 minutes [READ: Count=19262, Max=77439, Min=777, Avg=5185.59, 90=6603, 99=61087, 99.9=70015, 99.99=75199] 
2025-09-28 06:50:26:618 560 sec: 850902 operations; 2569.3 current ops/sec; est completion in 12 minutes [READ: Count=25677, Max=70463, Min=784, Avg=3871.54, 90=5951, 99=24015, 99.9=61119, 99.99=69439] 
2025-09-28 06:50:36:620 570 sec: 869302 operations; 1839.63 current ops/sec; est completion in 12 minutes [READ: Count=18400, Max=85311, Min=788, Avg=5444.91, 90=7543, 99=57599, 99.9=71359, 99.99=75135] 
2025-09-28 06:50:46:618 580 sec: 888746 operations; 1944.79 current ops/sec; est completion in 12 minutes [READ: Count=19444, Max=73407, Min=770, Avg=5139.24, 90=6343, 99=60063, 99.9=67519, 99.99=70847] 
2025-09-28 06:50:56:618 590 sec: 914631 operations; 2588.5 current ops/sec; est completion in 11 minutes [READ: Count=25885, Max=66047, Min=774, Avg=3840.01, 90=5967, 99=22463, 99.9=57439, 99.99=63743] 
2025-09-28 06:51:06:620 600 sec: 933829 operations; 1919.42 current ops/sec; est completion in 11 minutes [READ: Count=19199, Max=90303, Min=807, Avg=5217.43, 90=7691, 99=54879, 99.9=64959, 99.99=77759] 
2025-09-28 06:51:16:621 610 sec: 953319 operations; 1949.39 current ops/sec; est completion in 11 minutes [READ: Count=19495, Max=76479, Min=799, Avg=5131.44, 90=6303, 99=60127, 99.9=68287, 99.99=73471] 
2025-09-28 06:51:26:618 620 sec: 978385 operations; 2506.6 current ops/sec; est completion in 10 minutes [READ: Count=25060, Max=74623, Min=789, Avg=3963.66, 90=6067, 99=26271, 99.9=62431, 99.99=67967] 
2025-09-28 06:51:36:618 630 sec: 997370 operations; 1898.5 current ops/sec; est completion in 10 minutes [READ: Count=18985, Max=83455, Min=794, Avg=5282.6, 90=7523, 99=56031, 99.9=64863, 99.99=74815] 
2025-09-28 06:51:46:619 640 sec: 1016850 operations; 1947.81 current ops/sec; est completion in 10 minutes [READ: Count=19485, Max=81919, Min=791, Avg=5128.67, 90=6411, 99=58719, 99.9=67967, 99.99=72959] 
2025-09-28 06:51:56:618 650 sec: 1041278 operations; 2443.04 current ops/sec; est completion in 9 minutes [READ: Count=24423, Max=73791, Min=781, Avg=4066.64, 90=6159, 99=27503, 99.9=64479, 99.99=70527] 
2025-09-28 06:52:06:619 660 sec: 1059650 operations; 1837.02 current ops/sec; est completion in 9 minutes [READ: Count=18373, Max=76415, Min=761, Avg=5455.08, 90=7799, 99=55871, 99.9=63647, 99.99=74687] 
2025-09-28 06:52:16:619 670 sec: 1079943 operations; 2029.5 current ops/sec; est completion in 9 minutes [READ: Count=20293, Max=71359, Min=785, Avg=4926.86, 90=5867, 99=59871, 99.9=67263, 99.99=70911] 
2025-09-28 06:52:26:618 680 sec: 1104352 operations; 2440.9 current ops/sec; est completion in 9 minutes [READ: Count=24408, Max=74047, Min=773, Avg=4077.95, 90=5979, 99=41823, 99.9=65503, 99.99=72447] 
2025-09-28 06:52:36:620 690 sec: 1123299 operations; 1894.51 current ops/sec; est completion in 8 minutes [READ: Count=18947, Max=82815, Min=790, Avg=5282.27, 90=7271, 99=57023, 99.9=72063, 99.99=78463] 
2025-09-28 06:52:46:618 700 sec: 1143388 operations; 2009.1 current ops/sec; est completion in 8 minutes [READ: Count=20090, Max=69567, Min=776, Avg=4974.51, 90=5735, 99=59679, 99.9=66367, 99.99=68543] 
2025-09-28 06:52:56:618 710 sec: 1167126 operations; 2373.8 current ops/sec; est completion in 8 minutes [READ: Count=23737, Max=69951, Min=769, Avg=4190.05, 90=6063, 99=47135, 99.9=64159, 99.99=68287] 
2025-09-28 06:53:06:621 720 sec: 1185513 operations; 1838.52 current ops/sec; est completion in 8 minutes [READ: Count=18408, Max=78463, Min=733, Avg=5450.49, 90=7839, 99=56991, 99.9=66687, 99.99=72767] 