members: [
    {
      _id: 0,
      name: 'my-mongodb-sharded-shard0-data-0.my-mongodb-sharded-headless.default.svc.cluster.local:27017',
      health: 1,
      state: 1,
      stateStr: 'PRIMARY',
      uptime: 2825,
      optime: { ts: Timestamp({ t: 1759702978, i: 2 }), t: Long('77') },
      optimeDate: ISODate('2025-10-05T22:22:58.000Z'),
      optimeWritten: { ts: Timestamp({ t: 1759702978, i: 2 }), t: Long('77') },
      optimeWrittenDate: ISODate('2025-10-05T22:22:58.000Z'),
      lastAppliedWallTime: ISODate('2025-10-05T22:22:58.246Z'),
      lastDurableWallTime: ISODate('2025-10-05T22:22:58.246Z'),
      lastWrittenWallTime: ISODate('2025-10-05T22:22:58.246Z'),
      syncSourceHost: '',
      syncSourceId: -1,
      infoMessage: '',
      electionTime: Timestamp({ t: 1759700158, i: 2 }),
      electionDate: ISODate('2025-10-05T21:35:58.000Z'),
      configVersion: 793461,
      configTerm: 77,
      self: true,
      lastHeartbeatMessage: ''
    },
    {
      _id: 1,
      name: 'my-mongodb-sharded-shard0-data-1.my-mongodb-sharded-headless.default.svc.cluster.local:27017',
      health: 1,
      state: 2,
      stateStr: 'SECONDARY',
      uptime: 222,
      optime: { ts: Timestamp({ t: 1759702978, i: 2 }), t: Long('77') },
      optimeDurable: { ts: Timestamp({ t: 1759702978, i: 2 }), t: Long('77') },
      optimeWritten: { ts: Timestamp({ t: 1759702978, i: 2 }), t: Long('77') },
      optimeDate: ISODate('2025-10-05T22:22:58.000Z'),
      optimeDurableDate: ISODate('2025-10-05T22:22:58.000Z'),
      optimeWrittenDate: ISODate('2025-10-05T22:22:58.000Z'),
      lastAppliedWallTime: ISODate('2025-10-05T22:22:58.246Z'),
      lastDurableWallTime: ISODate('2025-10-05T22:22:58.246Z'),
      lastWrittenWallTime: ISODate('2025-10-05T22:22:58.246Z'),
      lastHeartbeat: ISODate('2025-10-05T22:22:58.956Z'),
      lastHeartbeatRecv: ISODate('2025-10-05T22:22:58.981Z'),
      pingMs: Long('0'),
      lastHeartbeatMessage: '',
      syncSourceHost: 'my-mongodb-sharded-shard0-data-0.my-mongodb-sharded-headless.default.svc.cluster.local:27017',
      syncSourceId: 0,
      infoMessage: '',
      configVersion: 793461,
      configTerm: 77
    },
    {
      _id: 2,
      name: 'my-mongodb-sharded-shard0-data-2.my-mongodb-sharded-headless.default.svc.cluster.local:27017',
      health: 1,
      state: 2,
      stateStr: 'SECONDARY',
      uptime: 121,
      optime: { ts: Timestamp({ t: 1759702978, i: 2 }), t: Long('77') },
      optimeDurable: { ts: Timestamp({ t: 1759702978, i: 2 }), t: Long('77') },
      optimeWritten: { ts: Timestamp({ t: 1759702978, i: 2 }), t: Long('77') },
      optimeDate: ISODate('2025-10-05T22:22:58.000Z'),
      optimeDurableDate: ISODate('2025-10-05T22:22:58.000Z'),
      optimeWrittenDate: ISODate('2025-10-05T22:22:58.000Z'),
      lastAppliedWallTime: ISODate('2025-10-05T22:22:58.246Z'),
      lastDurableWallTime: ISODate('2025-10-05T22:22:58.246Z'),
      lastWrittenWallTime: ISODate('2025-10-05T22:22:58.246Z'),
      lastHeartbeat: ISODate('2025-10-05T22:22:58.949Z'),
      lastHeartbeatRecv: ISODate('2025-10-05T22:22:58.941Z'),
      pingMs: Long('0'),
      lastHeartbeatMessage: '',
      syncSourceHost: 'my-mongodb-sharded-shard0-data-1.my-mongodb-sharded-headless.default.svc.cluster.local:27017',
      syncSourceId: 1,
      infoMessage: '',
      configVersion: 793461,
      configTerm: 77
    }
  ]