/usr/local/openjdk-11/bin/java  -classpath /usr/src/ycsb-0.17.0/conf:/usr/src/ycsb-0.17.0/lib/HdrHistogram-2.1.4.jar:/usr/src/ycsb-0.17.0/lib/core-0.17.0.jar:/usr/src/ycsb-0.17.0/lib/htrace-core4-4.1.0-incubating.jar:/usr/src/ycsb-0.17.0/lib/jackson-core-asl-1.9.4.jar:/usr/src/ycsb-0.17.0/lib/jackson-mapper-asl-1.9.4.jar:/usr/src/ycsb-0.17.0/mongodb-binding/lib/logback-classic-1.1.2.jar:/usr/src/ycsb-0.17.0/mongodb-binding/lib/logback-core-1.1.2.jar:/usr/src/ycsb-0.17.0/mongodb-binding/lib/mongo-java-driver-3.8.0.jar:/usr/src/ycsb-0.17.0/mongodb-binding/lib/mongodb-async-driver-2.0.1.jar:/usr/src/ycsb-0.17.0/mongodb-binding/lib/mongodb-binding-0.17.0.jar:/usr/src/ycsb-0.17.0/mongodb-binding/lib/slf4j-api-1.7.25.jar:/usr/src/ycsb-0.17.0/mongodb-binding/lib/snappy-java-1.1.7.1.jar site.ycsb.Client -t -db site.ycsb.db.MongoDbClient -s -P workloads/workloadr -p mongodb.url=mongodb://root:mongodb123@my-mongodb-sharded:27017/ycsb?authSource=admin&readPreference=nearest -threads 3 -target 3000
Command line: -t -db site.ycsb.db.MongoDbClient -s -P workloads/workloadr -p mongodb.url=mongodb://root:mongodb123@my-mongodb-sharded:27017/ycsb?authSource=admin&readPreference=nearest -threads 3 -target 3000
YCSB Client 0.17.0

Loading workload...
Starting test.
2025-10-05 22:15:04:846 0 sec: 0 operations; est completion in 0 second 
mongo client connection created with mongodb://root:mongodb123@my-mongodb-sharded:27017/ycsb?authSource=admin&readPreference=nearest
DBWrapper: report latency for each error is false and specific error codes to track for latency are: []
DBWrapper: report latency for each error is false and specific error codes to track for latency are: []
DBWrapper: report latency for each error is false and specific error codes to track for latency are: []
2025-10-05 22:15:14:740 10 sec: 8245 operations; 824.42 current ops/sec; est completion in 40 minutes [READ: Count=8251, Max=555007, Min=1013, Avg=3233.75, 90=4415, 99=8447, 99.9=17743, 99.99=554495] 
2025-10-05 22:15:24:739 20 sec: 16882 operations; 863.79 current ops/sec; est completion in 39 minutes [READ: Count=8631, Max=33855, Min=985, Avg=3443.17, 90=5287, 99=13711, 99.9=27135, 99.99=33631] 
2025-10-05 22:15:34:739 30 sec: 30785 operations; 1390.3 current ops/sec; est completion in 32 minutes [READ: Count=13905, Max=11559, Min=907, Avg=2150.72, 90=2583, 99=4563, 99.9=8047, 99.99=11407] 
2025-10-05 22:15:44:738 40 sec: 44758 operations; 1397.3 current ops/sec; est completion in 29 minutes [READ: Count=13972, Max=11311, Min=907, Avg=2139.56, 90=2603, 99=4085, 99.9=7175, 99.99=10039] 
2025-10-05 22:15:54:741 50 sec: 55457 operations; 1069.9 current ops/sec; est completion in 29 minutes [READ: Count=10698, Max=34111, Min=966, Avg=2788.16, 90=3793, 99=14759, 99.9=30095, 99.99=32927] 
2025-10-05 22:16:04:739 60 sec: 69238 operations; 1378.1 current ops/sec; est completion in 27 minutes [READ: Count=13781, Max=24527, Min=894, Avg=2169.89, 90=2609, 99=4599, 99.9=8911, 99.99=23759] 
2025-10-05 22:16:14:738 70 sec: 83488 operations; 1425 current ops/sec; est completion in 26 minutes [READ: Count=14251, Max=9271, Min=923, Avg=2101.35, 90=2511, 99=4435, 99.9=6779, 99.99=9207] 
2025-10-05 22:16:24:739 80 sec: 95283 operations; 1179.5 current ops/sec; est completion in 26 minutes [READ: Count=11795, Max=31583, Min=893, Avg=2538.55, 90=3321, 99=14727, 99.9=26815, 99.99=30095] 
2025-10-05 22:16:34:739 90 sec: 109439 operations; 1415.6 current ops/sec; est completion in 25 minutes [READ: Count=14155, Max=18271, Min=889, Avg=2115.4, 90=2507, 99=4507, 99.9=8919, 99.99=13295] 
2025-10-05 22:16:44:739 100 sec: 123321 operations; 1388.2 current ops/sec; est completion in 25 minutes [READ: Count=13885, Max=12255, Min=951, Avg=2156.73, 90=2603, 99=4215, 99.9=6603, 99.99=8279] 
2025-10-05 22:16:54:738 110 sec: 135148 operations; 1182.7 current ops/sec; est completion in 25 minutes [READ: Count=11825, Max=33439, Min=945, Avg=2530.97, 90=3231, 99=12959, 99.9=25919, 99.99=28975] 
2025-10-05 22:17:04:738 120 sec: 148788 operations; 1364 current ops/sec; est completion in 24 minutes [READ: Count=13641, Max=38559, Min=940, Avg=2195.17, 90=2611, 99=5287, 99.9=10399, 99.99=35807] 
2025-10-05 22:17:14:738 130 sec: 162970 operations; 1418.2 current ops/sec; est completion in 24 minutes [READ: Count=14180, Max=8139, Min=939, Avg=2112.31, 90=2533, 99=3941, 99.9=6619, 99.99=7863] 
2025-10-05 22:17:24:740 140 sec: 174693 operations; 1172.3 current ops/sec; est completion in 24 minutes [READ: Count=11725, Max=40447, Min=898, Avg=2555.13, 90=3249, 99=12223, 99.9=30735, 99.99=38463] 
2025-10-05 22:17:34:741 150 sec: 188703 operations; 1401 current ops/sec; est completion in 24 minutes [READ: Count=14014, Max=16103, Min=945, Avg=2138.06, 90=2545, 99=4731, 99.9=8311, 99.99=15375] 
2025-10-05 22:17:44:738 160 sec: 202732 operations; 1402.9 current ops/sec; est completion in 23 minutes [READ: Count=14023, Max=12927, Min=934, Avg=2134.35, 90=2591, 99=4315, 99.9=6447, 99.99=11751] 
2025-10-05 22:17:54:741 170 sec: 214542 operations; 1181 current ops/sec; est completion in 23 minutes [READ: Count=11814, Max=41279, Min=934, Avg=2535.07, 90=3275, 99=12895, 99.9=27999, 99.99=36031] 
2025-10-05 22:18:04:739 180 sec: 228555 operations; 1401.3 current ops/sec; est completion in 23 minutes [READ: Count=14010, Max=39551, Min=922, Avg=2137.4, 90=2577, 99=4723, 99.9=7767, 99.99=39455] 
2025-10-05 22:18:14:738 190 sec: 242917 operations; 1436.2 current ops/sec; est completion in 22 minutes [READ: Count=14362, Max=12703, Min=936, Avg=2085.5, 90=2523, 99=3987, 99.9=6011, 99.99=10023] 
2025-10-05 22:18:24:739 200 sec: 254006 operations; 1108.9 current ops/sec; est completion in 22 minutes [READ: Count=11089, Max=35167, Min=951, Avg=2701.07, 90=3661, 99=16327, 99.9=28303, 99.99=34015] 
2025-10-05 22:18:34:738 210 sec: 266204 operations; 1219.8 current ops/sec; est completion in 22 minutes [READ: Count=12197, Max=17967, Min=936, Avg=2456.23, 90=3211, 99=6267, 99.9=10951, 99.99=16735] 
2025-10-05 22:18:44:740 220 sec: 280606 operations; 1440.2 current ops/sec; est completion in 22 minutes [READ: Count=14403, Max=10287, Min=907, Avg=2080.29, 90=2505, 99=4135, 99.9=6579, 99.99=9447] 
2025-10-05 22:18:54:738 230 sec: 292111 operations; 1150.5 current ops/sec; est completion in 22 minutes [READ: Count=11505, Max=35007, Min=921, Avg=2603.37, 90=3337, 99=13255, 99.9=29455, 99.99=33695] 
2025-10-05 22:19:04:739 240 sec: 305743 operations; 1363.2 current ops/sec; est completion in 22 minutes [READ: Count=13634, Max=25839, Min=883, Avg=2197.14, 90=2707, 99=5199, 99.9=9959, 99.99=25775] 
2025-10-05 22:19:14:738 250 sec: 319689 operations; 1394.6 current ops/sec; est completion in 21 minutes [READ: Count=13944, Max=11127, Min=935, Avg=2147.97, 90=2591, 99=4363, 99.9=7627, 99.99=8943] 
2025-10-05 22:19:24:738 260 sec: 330114 operations; 1042.5 current ops/sec; est completion in 21 minutes [READ: Count=10424, Max=47007, Min=863, Avg=2873.73, 90=3743, 99=17487, 99.9=28991, 99.99=46783] 
2025-10-05 22:19:34:738 270 sec: 342495 operations; 1238.1 current ops/sec; est completion in 21 minutes [READ: Count=12381, Max=31695, Min=857, Avg=2420.52, 90=3215, 99=6915, 99.9=16463, 99.99=27823] 
2025-10-05 22:19:44:739 280 sec: 356098 operations; 1360.3 current ops/sec; est completion in 21 minutes [READ: Count=13605, Max=15839, Min=814, Avg=2202.65, 90=2885, 99=4755, 99.9=7543, 99.99=15319] 
2025-10-05 22:19:54:738 290 sec: 368643 operations; 1254.5 current ops/sec; est completion in 21 minutes [READ: Count=12543, Max=29823, Min=845, Avg=2386.79, 90=3065, 99=8095, 99.9=24783, 99.99=29679] 
2025-10-05 22:20:04:739 300 sec: 381415 operations; 1277.2 current ops/sec; est completion in 21 minutes [READ: Count=12772, Max=36095, Min=816, Avg=2345.82, 90=2995, 99=7043, 99.9=23279, 99.99=31167] 
2025-10-05 22:20:14:738 310 sec: 395184 operations; 1376.9 current ops/sec; est completion in 20 minutes [READ: Count=13769, Max=10599, Min=829, Avg=2175.91, 90=2843, 99=4723, 99.9=7231, 99.99=10055] 
2025-10-05 22:20:24:738 320 sec: 407402 operations; 1221.8 current ops/sec; est completion in 20 minutes [READ: Count=12218, Max=29839, Min=827, Avg=2451.82, 90=3203, 99=8951, 99.9=24703, 99.99=29279] 
2025-10-05 22:20:34:738 330 sec: 420489 operations; 1308.7 current ops/sec; est completion in 20 minutes [READ: Count=13087, Max=21263, Min=808, Avg=2289.18, 90=3027, 99=6551, 99.9=15551, 99.99=20895] 
2025-10-05 22:20:44:741 340 sec: 433894 operations; 1340.23 current ops/sec; est completion in 20 minutes [READ: Count=13407, Max=13487, Min=844, Avg=2236.51, 90=2993, 99=5011, 99.9=8983, 99.99=12239] 
2025-10-05 22:20:54:738 350 sec: 446041 operations; 1214.94 current ops/sec; est completion in 20 minutes [READ: Count=12145, Max=30063, Min=778, Avg=2465.38, 90=3271, 99=8055, 99.9=23967, 99.99=27679] 
2025-10-05 22:21:04:739 360 sec: 458715 operations; 1267.4 current ops/sec; est completion in 20 minutes [READ: Count=12674, Max=28239, Min=815, Avg=2364.35, 90=3169, 99=6767, 99.9=17007, 99.99=26031] 
2025-10-05 22:21:14:738 370 sec: 471429 operations; 1271.4 current ops/sec; est completion in 20 minutes [READ: Count=12715, Max=14047, Min=834, Avg=2356.8, 90=3337, 99=5071, 99.9=8511, 99.99=11631] 
2025-10-05 22:21:24:738 380 sec: 483678 operations; 1224.9 current ops/sec; est completion in 19 minutes [READ: Count=12248, Max=30479, Min=823, Avg=2445.8, 90=3295, 99=6267, 99.9=21647, 99.99=27775] 
2025-10-05 22:21:34:738 390 sec: 496357 operations; 1267.9 current ops/sec; est completion in 19 minutes [READ: Count=12679, Max=46687, Min=857, Avg=2364.08, 90=3069, 99=7119, 99.9=24719, 99.99=41119] 
2025-10-05 22:21:44:738 400 sec: 510177 operations; 1382 current ops/sec; est completion in 19 minutes [READ: Count=13820, Max=14111, Min=826, Avg=2168.38, 90=2829, 99=4615, 99.9=8263, 99.99=12447] 
2025-10-05 22:21:54:738 410 sec: 523130 operations; 1295.3 current ops/sec; est completion in 19 minutes [READ: Count=12953, Max=26047, Min=790, Avg=2312.94, 90=3019, 99=6911, 99.9=20783, 99.99=24735] 
2025-10-05 22:22:04:738 420 sec: 535971 operations; 1284.1 current ops/sec; est completion in 19 minutes [READ: Count=12841, Max=31183, Min=815, Avg=2333.64, 90=3003, 99=8127, 99.9=21807, 99.99=30975] 
2025-10-05 22:22:14:738 430 sec: 549797 operations; 1382.6 current ops/sec; est completion in 18 minutes [READ: Count=13826, Max=16415, Min=872, Avg=2167.32, 90=2825, 99=4967, 99.9=8559, 99.99=13127] 
2025-10-05 22:22:24:738 440 sec: 562781 operations; 1298.4 current ops/sec; est completion in 18 minutes [READ: Count=12984, Max=27487, Min=824, Avg=2306.51, 90=2997, 99=6435, 99.9=22655, 99.99=26159] 
2025-10-05 22:22:34:738 450 sec: 575735 operations; 1295.4 current ops/sec; est completion in 18 minutes [READ: Count=12954, Max=43039, Min=807, Avg=2313.71, 90=2957, 99=7615, 99.9=24831, 99.99=42879] 
2025-10-05 22:22:44:738 460 sec: 589750 operations; 1401.5 current ops/sec; est completion in 18 minutes [READ: Count=14015, Max=11879, Min=835, Avg=2138.16, 90=2783, 99=4667, 99.9=8759, 99.99=10983] 
2025-10-05 22:22:54:739 470 sec: 602887 operations; 1313.57 current ops/sec; est completion in 18 minutes [READ: Count=13137, Max=35263, Min=844, Avg=2280.74, 90=2941, 99=6427, 99.9=22223, 99.99=31151] 